<?xml version="1.0" encoding="UTF-8"?>
<testng-results ignored="0" total="1" passed="1" failed="0" skipped="0">
  <reporter-output>
  </reporter-output>
  <suite started-at="2024-05-29T11:04:20 IST" name="Default suite" finished-at="2024-05-29T11:04:38 IST" duration-ms="18034">
    <groups>
    </groups>
    <test started-at="2024-05-29T11:04:20 IST" name="Default test" finished-at="2024-05-29T11:04:38 IST" duration-ms="18034">
      <class name="com.shoppersstack_ap_TestScripts.Verify_User_Is_Able_To_Addaddress_or_not_Test">
        <test-method is-config="true" signature="beforeSuite()[pri:0, instance:com.shoppersstack_ap_TestScripts.Verify_User_Is_Able_To_Addaddress_or_not_Test@22555ebf]" started-at="2024-05-29T11:04:20 IST" name="beforeSuite" finished-at="2024-05-29T11:04:20 IST" duration-ms="22" status="PASS">
          <reporter-output>
          </reporter-output>
        </test-method> <!-- beforeSuite -->
        <test-method is-config="true" signature="beforeTest()[pri:0, instance:com.shoppersstack_ap_TestScripts.Verify_User_Is_Able_To_Addaddress_or_not_Test@22555ebf]" started-at="2024-05-29T11:04:20 IST" name="beforeTest" finished-at="2024-05-29T11:04:20 IST" duration-ms="180" status="PASS">
          <reporter-output>
          </reporter-output>
        </test-method> <!-- beforeTest -->
        <test-method is-config="true" signature="beforeClass()[pri:0, instance:com.shoppersstack_ap_TestScripts.Verify_User_Is_Able_To_Addaddress_or_not_Test@22555ebf]" started-at="2024-05-29T11:04:20 IST" name="beforeClass" finished-at="2024-05-29T11:04:23 IST" duration-ms="2827" status="PASS">
          <reporter-output>
          </reporter-output>
        </test-method> <!-- beforeClass -->
        <test-method is-config="true" signature="beforeMethods()[pri:0, instance:com.shoppersstack_ap_TestScripts.Verify_User_Is_Able_To_Addaddress_or_not_Test@22555ebf]" started-at="2024-05-29T11:04:23 IST" name="beforeMethods" finished-at="2024-05-29T11:04:30 IST" duration-ms="7282" status="PASS">
          <reporter-output>
          </reporter-output>
        </test-method> <!-- beforeMethods -->
        <test-method signature="addAddress()[pri:0, instance:com.shoppersstack_ap_TestScripts.Verify_User_Is_Able_To_Addaddress_or_not_Test@22555ebf]" started-at="2024-05-29T11:04:30 IST" name="addAddress" finished-at="2024-05-29T11:04:34 IST" duration-ms="3804" status="PASS">
          <reporter-output>
          </reporter-output>
        </test-method> <!-- addAddress -->
        <test-method is-config="true" signature="afterMethod()[pri:0, instance:com.shoppersstack_ap_TestScripts.Verify_User_Is_Able_To_Addaddress_or_not_Test@22555ebf]" started-at="2024-05-29T11:04:34 IST" name="afterMethod" finished-at="2024-05-29T11:04:35 IST" duration-ms="434" status="PASS">
          <reporter-output>
          </reporter-output>
        </test-method> <!-- afterMethod -->
        <test-method is-config="true" signature="afterClass()[pri:0, instance:com.shoppersstack_ap_TestScripts.Verify_User_Is_Able_To_Addaddress_or_not_Test@22555ebf]" started-at="2024-05-29T11:04:35 IST" name="afterClass" finished-at="2024-05-29T11:04:38 IST" duration-ms="3291" status="PASS">
          <reporter-output>
          </reporter-output>
        </test-method> <!-- afterClass -->
        <test-method is-config="true" signature="afterTest()[pri:0, instance:com.shoppersstack_ap_TestScripts.Verify_User_Is_Able_To_Addaddress_or_not_Test@22555ebf]" started-at="2024-05-29T11:04:38 IST" name="afterTest" finished-at="2024-05-29T11:04:38 IST" duration-ms="189" status="PASS">
          <reporter-output>
          </reporter-output>
        </test-method> <!-- afterTest -->
        <test-method is-config="true" signature="aftersuite()[pri:0, instance:com.shoppersstack_ap_TestScripts.Verify_User_Is_Able_To_Addaddress_or_not_Test@22555ebf]" started-at="2024-05-29T11:04:38 IST" name="aftersuite" finished-at="2024-05-29T11:04:38 IST" duration-ms="0" status="PASS">
          <reporter-output>
          </reporter-output>
        </test-method> <!-- aftersuite -->
      </class> <!-- com.shoppersstack_ap_TestScripts.Verify_User_Is_Able_To_Addaddress_or_not_Test -->
    </test> <!-- Default test -->
  </suite> <!-- Default suite -->
</testng-results>
